#
# There is insufficient memory for the Java Runtime Environment to continue.
# Native memory allocation (mmap) failed to map 716177408 bytes for committing reserved memory.
# Possible reasons:
#   The system is out of physical RAM or swap space
#   In 32 bit mode, the process size limit was hit
# Possible solutions:
#   Reduce memory load on the system
#   Increase physical memory or swap space
#   Check if swap backing store is full
#   Use 64 bit Java on a 64 bit OS
#   Decrease Java heap size (-Xmx/-Xms)
#   Decrease number of Java threads
#   Decrease Java thread stack sizes (-Xss)
#   Set larger code cache with -XX:ReservedCodeCacheSize=
# This output file may be truncated or incomplete.
#
#  Out of Memory Error (os_linux.cpp:2746), pid=22611, tid=0x00007f0ac0774700
#
# JRE version:  (8.0_191-b12) (build )
# Java VM: OpenJDK 64-Bit Server VM (25.191-b12 mixed mode linux-amd64 compressed oops)
# Failed to write core dump. Core dumps have been disabled. To enable core dumping, try "ulimit -c unlimited" before starting Java again
#

---------------  T H R E A D  ---------------

Current thread (0x00007f0ab800b800):  JavaThread "Unknown thread" [_thread_in_vm, id=22612, stack(0x00007f0ac0675000,0x00007f0ac0775000)]

Stack: [0x00007f0ac0675000,0x00007f0ac0775000],  sp=0x00007f0ac0773590,  free space=1017k
Native frames: (J=compiled Java code, j=interpreted, Vv=VM code, C=native code)
V  [libjvm.so+0xab2512]
V  [libjvm.so+0x4d9e97]
V  [libjvm.so+0x8ed690]
V  [libjvm.so+0x8e47be]
V  [libjvm.so+0x968516]
V  [libjvm.so+0x95884c]
V  [libjvm.so+0x2b402e]
V  [libjvm.so+0x9154a1]
V  [libjvm.so+0xa74b0a]
V  [libjvm.so+0xa74df5]
V  [libjvm.so+0x626d5f]
V  [libjvm.so+0xa5854b]
V  [libjvm.so+0x6a92b1]  JNI_CreateJavaVM+0x61
C  [libjli.so+0x2ce3]
C  [libjli.so+0x77ad]
C  [libpthread.so.0+0x76db]  start_thread+0xdb


---------------  P R O C E S S  ---------------

Java Threads: ( => current thread )

Other Threads:

=>0x00007f0ab800b800 (exited) JavaThread "Unknown thread" [_thread_in_vm, id=22612, stack(0x00007f0ac0675000,0x00007f0ac0775000)]

VM state:not at safepoint (not fully initialized)

VM Mutex/Monitor currently owned by a thread: None

GC Heap History (0 events):
No events

Deoptimization events (0 events):
No events

Classes redefined (0 events):
No events

Internal exceptions (0 events):
No events

Events (0 events):
No events


Dynamic libraries:
eab00000-100000000 rw-p 00000000 00:00 0 
555f36645000-555f36646000 r-xp 00000000 08:01 3017724                    /usr/lib/jvm/java-8-openjdk-amd64/jre/bin/java
555f36845000-555f36846000 r--p 00000000 08:01 3017724                    /usr/lib/jvm/java-8-openjdk-amd64/jre/bin/java
555f36846000-555f36847000 rw-p 00001000 08:01 3017724                    /usr/lib/jvm/java-8-openjdk-amd64/jre/bin/java
555f373b8000-555f373d9000 rw-p 00000000 00:00 0                          [heap]
7f0ab0000000-7f0ab0270000 rwxp 00000000 00:00 0 
7f0ab0270000-7f0ab8000000 ---p 00000000 00:00 0 
7f0ab8000000-7f0ab8033000 rw-p 00000000 00:00 0 
7f0ab8033000-7f0abc000000 ---p 00000000 00:00 0 
7f0abcbc8000-7f0abcd1d000 ---p 00000000 00:00 0 
7f0abcd1d000-7f0abcdd3000 rw-p 00000000 00:00 0 
7f0abcdd3000-7f0abcfc9000 ---p 00000000 00:00 0 
7f0abcfc9000-7f0abcfd1000 r-xp 00000000 08:01 3017770                    /usr/lib/jvm/java-8-openjdk-amd64/jre/lib/amd64/libzip.so
7f0abcfd1000-7f0abd1d0000 ---p 00008000 08:01 3017770                    /usr/lib/jvm/java-8-openjdk-amd64/jre/lib/amd64/libzip.so
7f0abd1d0000-7f0abd1d1000 r--p 00007000 08:01 3017770                    /usr/lib/jvm/java-8-openjdk-amd64/jre/lib/amd64/libzip.so
7f0abd1d1000-7f0abd1d2000 rw-p 00008000 08:01 3017770                    /usr/lib/jvm/java-8-openjdk-amd64/jre/lib/amd64/libzip.so
7f0abd1d2000-7f0abd1dd000 r-xp 00000000 08:01 2621502                    /lib/x86_64-linux-gnu/libnss_files-2.27.so
7f0abd1dd000-7f0abd3dc000 ---p 0000b000 08:01 2621502                    /lib/x86_64-linux-gnu/libnss_files-2.27.so
7f0abd3dc000-7f0abd3dd000 r--p 0000a000 08:01 2621502                    /lib/x86_64-linux-gnu/libnss_files-2.27.so
7f0abd3dd000-7f0abd3de000 rw-p 0000b000 08:01 2621502                    /lib/x86_64-linux-gnu/libnss_files-2.27.so
7f0abd3de000-7f0abd3e4000 rw-p 00000000 00:00 0 
7f0abd3e4000-7f0abd3fb000 r-xp 00000000 08:01 2621499                    /lib/x86_64-linux-gnu/libnsl-2.27.so
7f0abd3fb000-7f0abd5fa000 ---p 00017000 08:01 2621499                    /lib/x86_64-linux-gnu/libnsl-2.27.so
7f0abd5fa000-7f0abd5fb000 r--p 00016000 08:01 2621499                    /lib/x86_64-linux-gnu/libnsl-2.27.so
7f0abd5fb000-7f0abd5fc000 rw-p 00017000 08:01 2621499                    /lib/x86_64-linux-gnu/libnsl-2.27.so
7f0abd5fc000-7f0abd5fe000 rw-p 00000000 00:00 0 
7f0abd5fe000-7f0abd609000 r-xp 00000000 08:01 2621504                    /lib/x86_64-linux-gnu/libnss_nis-2.27.so
7f0abd609000-7f0abd808000 ---p 0000b000 08:01 2621504                    /lib/x86_64-linux-gnu/libnss_nis-2.27.so
7f0abd808000-7f0abd809000 r--p 0000a000 08:01 2621504                    /lib/x86_64-linux-gnu/libnss_nis-2.27.so
7f0abd809000-7f0abd80a000 rw-p 0000b000 08:01 2621504                    /lib/x86_64-linux-gnu/libnss_nis-2.27.so
7f0abd80a000-7f0abd812000 r-xp 00000000 08:01 2621500                    /lib/x86_64-linux-gnu/libnss_compat-2.27.so
7f0abd812000-7f0abda12000 ---p 00008000 08:01 2621500                    /lib/x86_64-linux-gnu/libnss_compat-2.27.so
7f0abda12000-7f0abda13000 r--p 00008000 08:01 2621500                    /lib/x86_64-linux-gnu/libnss_compat-2.27.so
7f0abda13000-7f0abda14000 rw-p 00009000 08:01 2621500                    /lib/x86_64-linux-gnu/libnss_compat-2.27.so
7f0abda14000-7f0abda42000 r-xp 00000000 08:01 3017751                    /usr/lib/jvm/java-8-openjdk-amd64/jre/lib/amd64/libjava.so
7f0abda42000-7f0abdc41000 ---p 0002e000 08:01 3017751                    /usr/lib/jvm/java-8-openjdk-amd64/jre/lib/amd64/libjava.so
7f0abdc41000-7f0abdc42000 r--p 0002d000 08:01 3017751                    /usr/lib/jvm/java-8-openjdk-amd64/jre/lib/amd64/libjava.so
7f0abdc42000-7f0abdc44000 rw-p 0002e000 08:01 3017751                    /usr/lib/jvm/java-8-openjdk-amd64/jre/lib/amd64/libjava.so
7f0abdc44000-7f0abdc54000 r-xp 00000000 08:01 3017769                    /usr/lib/jvm/java-8-openjdk-amd64/jre/lib/amd64/libverify.so
7f0abdc54000-7f0abde53000 ---p 00010000 08:01 3017769                    /usr/lib/jvm/java-8-openjdk-amd64/jre/lib/amd64/libverify.so
7f0abde53000-7f0abde55000 r--p 0000f000 08:01 3017769                    /usr/lib/jvm/java-8-openjdk-amd64/jre/lib/amd64/libverify.so
7f0abde55000-7f0abde56000 rw-p 00011000 08:01 3017769                    /usr/lib/jvm/java-8-openjdk-amd64/jre/lib/amd64/libverify.so
7f0abde56000-7f0abde5d000 r-xp 00000000 08:01 2621510                    /lib/x86_64-linux-gnu/librt-2.27.so
7f0abde5d000-7f0abe05c000 ---p 00007000 08:01 2621510                    /lib/x86_64-linux-gnu/librt-2.27.so
7f0abe05c000-7f0abe05d000 r--p 00006000 08:01 2621510                    /lib/x86_64-linux-gnu/librt-2.27.so
7f0abe05d000-7f0abe05e000 rw-p 00007000 08:01 2621510                    /lib/x86_64-linux-gnu/librt-2.27.so
7f0abe05e000-7f0abe075000 r-xp 00000000 08:01 2621690                    /lib/x86_64-linux-gnu/libgcc_s.so.1
7f0abe075000-7f0abe274000 ---p 00017000 08:01 2621690                    /lib/x86_64-linux-gnu/libgcc_s.so.1
7f0abe274000-7f0abe275000 r--p 00016000 08:01 2621690                    /lib/x86_64-linux-gnu/libgcc_s.so.1
7f0abe275000-7f0abe276000 rw-p 00017000 08:01 2621690                    /lib/x86_64-linux-gnu/libgcc_s.so.1
7f0abe276000-7f0abe413000 r-xp 00000000 08:01 2621496                    /lib/x86_64-linux-gnu/libm-2.27.so
7f0abe413000-7f0abe612000 ---p 0019d000 08:01 2621496                    /lib/x86_64-linux-gnu/libm-2.27.so
7f0abe612000-7f0abe613000 r--p 0019c000 08:01 2621496                    /lib/x86_64-linux-gnu/libm-2.27.so
7f0abe613000-7f0abe614000 rw-p 0019d000 08:01 2621496                    /lib/x86_64-linux-gnu/libm-2.27.so
7f0abe614000-7f0abe792000 r-xp 00000000 08:01 3015400                    /usr/lib/x86_64-linux-gnu/libstdc++.so.6.0.25
7f0abe792000-7f0abe992000 ---p 0017e000 08:01 3015400                    /usr/lib/x86_64-linux-gnu/libstdc++.so.6.0.25
7f0abe992000-7f0abe99c000 r--p 0017e000 08:01 3015400                    /usr/lib/x86_64-linux-gnu/libstdc++.so.6.0.25
7f0abe99c000-7f0abe99e000 rw-p 00188000 08:01 3015400                    /usr/lib/x86_64-linux-gnu/libstdc++.so.6.0.25
7f0abe99e000-7f0abe9a2000 rw-p 00000000 00:00 0 
7f0abe9a2000-7f0abf63c000 r-xp 00000000 08:01 3018089                    /usr/lib/jvm/java-8-openjdk-amd64/jre/lib/amd64/server/libjvm.so
7f0abf63c000-7f0abf83b000 ---p 00c9a000 08:01 3018089                    /usr/lib/jvm/java-8-openjdk-amd64/jre/lib/amd64/server/libjvm.so
7f0abf83b000-7f0abf8cf000 r--p 00c99000 08:01 3018089                    /usr/lib/jvm/java-8-openjdk-amd64/jre/lib/amd64/server/libjvm.so
7f0abf8cf000-7f0abf8f8000 rw-p 00d2d000 08:01 3018089                    /usr/lib/jvm/java-8-openjdk-amd64/jre/lib/amd64/server/libjvm.so
7f0abf8f8000-7f0abf928000 rw-p 00000000 00:00 0 
7f0abf928000-7f0abf942000 r-xp 00000000 08:01 2621508                    /lib/x86_64-linux-gnu/libpthread-2.27.so
7f0abf942000-7f0abfb41000 ---p 0001a000 08:01 2621508                    /lib/x86_64-linux-gnu/libpthread-2.27.so
7f0abfb41000-7f0abfb42000 r--p 00019000 08:01 2621508                    /lib/x86_64-linux-gnu/libpthread-2.27.so
7f0abfb42000-7f0abfb43000 rw-p 0001a000 08:01 2621508                    /lib/x86_64-linux-gnu/libpthread-2.27.so
7f0abfb43000-7f0abfb47000 rw-p 00000000 00:00 0 
7f0abfb47000-7f0abfb4a000 r-xp 00000000 08:01 2621495                    /lib/x86_64-linux-gnu/libdl-2.27.so
7f0abfb4a000-7f0abfd49000 ---p 00003000 08:01 2621495                    /lib/x86_64-linux-gnu/libdl-2.27.so
7f0abfd49000-7f0abfd4a000 r--p 00002000 08:01 2621495                    /lib/x86_64-linux-gnu/libdl-2.27.so
7f0abfd4a000-7f0abfd4b000 rw-p 00003000 08:01 2621495                    /lib/x86_64-linux-gnu/libdl-2.27.so
7f0abfd4b000-7f0abfd67000 r-xp 00000000 08:01 2628928                    /lib/x86_64-linux-gnu/libz.so.1.2.11
7f0abfd67000-7f0abff66000 ---p 0001c000 08:01 2628928                    /lib/x86_64-linux-gnu/libz.so.1.2.11
7f0abff66000-7f0abff67000 r--p 0001b000 08:01 2628928                    /lib/x86_64-linux-gnu/libz.so.1.2.11
7f0abff67000-7f0abff68000 rw-p 0001c000 08:01 2628928                    /lib/x86_64-linux-gnu/libz.so.1.2.11
7f0abff68000-7f0ac014f000 r-xp 00000000 08:01 2621488                    /lib/x86_64-linux-gnu/libc-2.27.so
7f0ac014f000-7f0ac034f000 ---p 001e7000 08:01 2621488                    /lib/x86_64-linux-gnu/libc-2.27.so
7f0ac034f000-7f0ac0353000 r--p 001e7000 08:01 2621488                    /lib/x86_64-linux-gnu/libc-2.27.so
7f0ac0353000-7f0ac0355000 rw-p 001eb000 08:01 2621488                    /lib/x86_64-linux-gnu/libc-2.27.so
7f0ac0355000-7f0ac0359000 rw-p 00000000 00:00 0 
7f0ac0359000-7f0ac0367000 r-xp 00000000 08:01 3017736                    /usr/lib/jvm/java-8-openjdk-amd64/jre/lib/amd64/jli/libjli.so
7f0ac0367000-7f0ac0566000 ---p 0000e000 08:01 3017736                    /usr/lib/jvm/java-8-openjdk-amd64/jre/lib/amd64/jli/libjli.so
7f0ac0566000-7f0ac0567000 r--p 0000d000 08:01 3017736                    /usr/lib/jvm/java-8-openjdk-amd64/jre/lib/amd64/jli/libjli.so
7f0ac0567000-7f0ac0568000 rw-p 0000e000 08:01 3017736                    /usr/lib/jvm/java-8-openjdk-amd64/jre/lib/amd64/jli/libjli.so
7f0ac0568000-7f0ac058f000 r-xp 00000000 08:01 2621464                    /lib/x86_64-linux-gnu/ld-2.27.so
7f0ac0674000-7f0ac0675000 ---p 00000000 00:00 0 
7f0ac0675000-7f0ac0678000 ---p 00000000 00:00 0 
7f0ac0678000-7f0ac0777000 rw-p 00000000 00:00 0 
7f0ac0783000-7f0ac078b000 rw-s 00000000 08:01 2490494                    /tmp/hsperfdata_wdd/22611
7f0ac078b000-7f0ac078c000 rw-p 00000000 00:00 0 
7f0ac078c000-7f0ac078d000 r--p 00000000 00:00 0 
7f0ac078d000-7f0ac078f000 rw-p 00000000 00:00 0 
7f0ac078f000-7f0ac0790000 r--p 00027000 08:01 2621464                    /lib/x86_64-linux-gnu/ld-2.27.so
7f0ac0790000-7f0ac0791000 rw-p 00028000 08:01 2621464                    /lib/x86_64-linux-gnu/ld-2.27.so
7f0ac0791000-7f0ac0792000 rw-p 00000000 00:00 0 
7ffdc7fd6000-7ffdc7ff7000 rw-p 00000000 00:00 0                          [stack]
7ffdc7ff7000-7ffdc7ffa000 r--p 00000000 00:00 0                          [vvar]
7ffdc7ffa000-7ffdc7ffc000 r-xp 00000000 00:00 0                          [vdso]
ffffffffff600000-ffffffffff601000 r-xp 00000000 00:00 0                  [vsyscall]

VM Arguments:
jvm_args: -Xms1024m -Xmx1024m -XX:ReservedCodeCacheSize=128m -XX:MaxMetaspaceSize=256m -Dhttp.proxyHost=127.0.0.1 -Dhttp.proxyPort=3128 -Dhttps.proxyHost=127.0.0.1 -Dhttps.proxyPort=3128 
java_command: /home/wdd/ciaranmcgarry-labwork-itm/WDD1PlayLab/sbt-dist/bin/sbt-launch.jar
java_class_path (initial): /home/wdd/ciaranmcgarry-labwork-itm/WDD1PlayLab/sbt-dist/bin/sbt-launch.jar
Launcher Type: SUN_STANDARD

Environment Variables:
PATH=/usr/local/sbin:/usr/local/bin:/usr/sbin:/usr/bin:/sbin:/bin:/usr/games:/usr/local/games:/snap/bin
SHELL=/bin/bash
DISPLAY=:0.0

Signal Handlers:
SIGSEGV: [libjvm.so+0xab2e60], sa_mask[0]=11111111011111111101111111111110, sa_flags=SA_RESTART|SA_SIGINFO
SIGBUS: [libjvm.so+0xab2e60], sa_mask[0]=11111111011111111101111111111110, sa_flags=SA_RESTART|SA_SIGINFO
SIGFPE: [libjvm.so+0x8e8860], sa_mask[0]=11111111011111111101111111111110, sa_flags=SA_RESTART|SA_SIGINFO
SIGPIPE: [libjvm.so+0x8e8860], sa_mask[0]=11111111011111111101111111111110, sa_flags=SA_RESTART|SA_SIGINFO
SIGXFSZ: [libjvm.so+0x8e8860], sa_mask[0]=11111111011111111101111111111110, sa_flags=SA_RESTART|SA_SIGINFO
SIGILL: [libjvm.so+0x8e8860], sa_mask[0]=11111111011111111101111111111110, sa_flags=SA_RESTART|SA_SIGINFO
SIGUSR1: SIG_DFL, sa_mask[0]=00000000000000000000000000000000, sa_flags=none
SIGUSR2: [libjvm.so+0x8e8710], sa_mask[0]=00000000000000000000000000000000, sa_flags=SA_RESTART|SA_SIGINFO
SIGHUP: SIG_DFL, sa_mask[0]=00000000000000000000000000000000, sa_flags=none
SIGINT: SIG_DFL, sa_mask[0]=00000000000000000000000000000000, sa_flags=none
SIGTERM: SIG_DFL, sa_mask[0]=00000000000000000000000000000000, sa_flags=none
SIGQUIT: SIG_DFL, sa_mask[0]=00000000000000000000000000000000, sa_flags=none


---------------  S Y S T E M  ---------------

OS:DISTRIB_ID=Ubuntu
DISTRIB_RELEASE=18.04
DISTRIB_CODENAME=bionic
DISTRIB_DESCRIPTION="Ubuntu 18.04.1 LTS"

uname:Linux 4.15.0-33-generic #36-Ubuntu SMP Wed Aug 15 16:00:05 UTC 2018 x86_64
libc:glibc 2.27 NPTL 2.27 
rlimit: STACK 8192k, CORE 0k, NPROC 15541, NOFILE 1048576, AS infinity
load average:0.58 1.38 2.13

/proc/meminfo:
MemTotal:        4039544 kB
MemFree:          113056 kB
MemAvailable:     151120 kB
Buffers:           14912 kB
Cached:           239488 kB
SwapCached:        37652 kB
Active:          3077836 kB
Inactive:         677848 kB
Active(anon):    2943156 kB
Inactive(anon):   589256 kB
Active(file):     134680 kB
Inactive(file):    88592 kB
Unevictable:          32 kB
Mlocked:              32 kB
SwapTotal:       2097208 kB
SwapFree:         373560 kB
Dirty:               148 kB
Writeback:             0 kB
AnonPages:       3474844 kB
Mapped:           192580 kB
Shmem:             43692 kB
Slab:              68652 kB
SReclaimable:      35732 kB
SUnreclaim:        32920 kB
KernelStack:       10648 kB
PageTables:        46648 kB
NFS_Unstable:          0 kB
Bounce:                0 kB
WritebackTmp:          0 kB
CommitLimit:     4116980 kB
Committed_AS:   12046352 kB
VmallocTotal:   34359738367 kB
VmallocUsed:           0 kB
VmallocChunk:          0 kB
HardwareCorrupted:     0 kB
AnonHugePages:         0 kB
ShmemHugePages:        0 kB
ShmemPmdMapped:        0 kB
CmaTotal:              0 kB
CmaFree:               0 kB
HugePages_Total:       0
HugePages_Free:        0
HugePages_Rsvd:        0
HugePages_Surp:        0
Hugepagesize:       2048 kB
DirectMap4k:      151488 kB
DirectMap2M:     4042752 kB

container (cgroup) information:
container_type: cgroupv1
cpu_cpuset_cpus: 0-1
cpu_memory_nodes: 0
active_processor_count: 2
cpu_quota: -1
cpu_period: 100000
cpu_shares: -1
memory_limit_in_bytes: -1
memory_and_swap_limit_in_bytes: -2
memory_soft_limit_in_bytes: -1
memory_usage_in_bytes: 3841773568
memory_max_usage_in_bytes: 40132608


CPU:total 2 (initial active 2) (2 cores per cpu, 1 threads per core) family 6 model 58 stepping 9, cmov, cx8, fxsr, mmx, sse, sse2, sse3, ssse3, sse4.1, sse4.2, popcnt, avx, aes, clmul, tsc, tscinvbit, tscinv

/proc/cpuinfo:
processor	: 0
vendor_id	: GenuineIntel
cpu family	: 6
model		: 58
model name	: Intel(R) Core(TM) i5-3470 CPU @ 3.20GHz
stepping	: 9
microcode	: 0x19
cpu MHz		: 3192.754
cache size	: 6144 KB
physical id	: 0
siblings	: 2
core id		: 0
cpu cores	: 2
apicid		: 0
initial apicid	: 0
fpu		: yes
fpu_exception	: yes
cpuid level	: 13
wp		: yes
flags		: fpu vme de pse tsc msr pae mce cx8 apic sep mtrr pge mca cmov pat pse36 clflush mmx fxsr sse sse2 ht syscall nx rdtscp lm constant_tsc rep_good nopl xtopology nonstop_tsc cpuid pni pclmulqdq ssse3 cx16 pcid sse4_1 sse4_2 x2apic popcnt aes xsave avx rdrand hypervisor lahf_lm pti fsgsbase
bugs		: cpu_meltdown spectre_v1 spectre_v2 spec_store_bypass l1tf
bogomips	: 6385.50
clflush size	: 64
cache_alignment	: 64
address sizes	: 36 bits physical, 48 bits virtual
power management:

processor	: 1
vendor_id	: GenuineIntel
cpu family	: 6
model		: 58
model name	: Intel(R) Core(TM) i5-3470 CPU @ 3.20GHz
stepping	: 9
microcode	: 0x19
cpu MHz		: 3192.754
cache size	: 6144 KB
physical id	: 0
siblings	: 2
core id		: 1
cpu cores	: 2
apicid		: 1
initial apicid	: 1
fpu		: yes
fpu_exception	: yes
cpuid level	: 13
wp		: yes
flags		: fpu vme de pse tsc msr pae mce cx8 apic sep mtrr pge mca cmov pat pse36 clflush mmx fxsr sse sse2 ht syscall nx rdtscp lm constant_tsc rep_good nopl xtopology nonstop_tsc cpuid pni pclmulqdq ssse3 cx16 pcid sse4_1 sse4_2 x2apic popcnt aes xsave avx rdrand hypervisor lahf_lm pti fsgsbase
bugs		: cpu_meltdown spectre_v1 spectre_v2 spec_store_bypass l1tf
bogomips	: 6385.50
clflush size	: 64
cache_alignment	: 64
address sizes	: 36 bits physical, 48 bits virtual
power management:



Memory: 4k page, physical 4039544k(113056k free), swap 2097208k(373560k free)

vm_info: OpenJDK 64-Bit Server VM (25.191-b12) for linux-amd64 JRE (1.8.0_191-8u191-b12-0ubuntu0.18.04.1-b12), built on Nov 20 2018 01:07:58 by "buildd" with gcc 7.3.0

time: Thu Nov 29 09:58:56 2018
elapsed time: 0 seconds (0d 0h 0m 0s)

