#
# There is insufficient memory for the Java Runtime Environment to continue.
# Native memory allocation (mmap) failed to map 716177408 bytes for committing reserved memory.
# Possible reasons:
#   The system is out of physical RAM or swap space
#   In 32 bit mode, the process size limit was hit
# Possible solutions:
#   Reduce memory load on the system
#   Increase physical memory or swap space
#   Check if swap backing store is full
#   Use 64 bit Java on a 64 bit OS
#   Decrease Java heap size (-Xmx/-Xms)
#   Decrease number of Java threads
#   Decrease Java thread stack sizes (-Xss)
#   Set larger code cache with -XX:ReservedCodeCacheSize=
# This output file may be truncated or incomplete.
#
#  Out of Memory Error (os_linux.cpp:2746), pid=22552, tid=0x00007f0869228700
#
# JRE version:  (8.0_191-b12) (build )
# Java VM: OpenJDK 64-Bit Server VM (25.191-b12 mixed mode linux-amd64 compressed oops)
# Failed to write core dump. Core dumps have been disabled. To enable core dumping, try "ulimit -c unlimited" before starting Java again
#

---------------  T H R E A D  ---------------

Current thread (0x00007f086000b800):  JavaThread "Unknown thread" [_thread_in_vm, id=22553, stack(0x00007f0869129000,0x00007f0869229000)]

Stack: [0x00007f0869129000,0x00007f0869229000],  sp=0x00007f0869227590,  free space=1017k
Native frames: (J=compiled Java code, j=interpreted, Vv=VM code, C=native code)
V  [libjvm.so+0xab2512]
V  [libjvm.so+0x4d9e97]
V  [libjvm.so+0x8ed690]
V  [libjvm.so+0x8e47be]
V  [libjvm.so+0x968516]
V  [libjvm.so+0x95884c]
V  [libjvm.so+0x2b402e]
V  [libjvm.so+0x9154a1]
V  [libjvm.so+0xa74b0a]
V  [libjvm.so+0xa74df5]
V  [libjvm.so+0x626d5f]
V  [libjvm.so+0xa5854b]
V  [libjvm.so+0x6a92b1]  JNI_CreateJavaVM+0x61
C  [libjli.so+0x2ce3]
C  [libjli.so+0x77ad]
C  [libpthread.so.0+0x76db]  start_thread+0xdb


---------------  P R O C E S S  ---------------

Java Threads: ( => current thread )

Other Threads:

=>0x00007f086000b800 (exited) JavaThread "Unknown thread" [_thread_in_vm, id=22553, stack(0x00007f0869129000,0x00007f0869229000)]

VM state:not at safepoint (not fully initialized)

VM Mutex/Monitor currently owned by a thread: None

GC Heap History (0 events):
No events

Deoptimization events (0 events):
No events

Classes redefined (0 events):
No events

Internal exceptions (0 events):
No events

Events (0 events):
No events


Dynamic libraries:
eab00000-100000000 rw-p 00000000 00:00 0 
564f634bd000-564f634be000 r-xp 00000000 08:01 3017724                    /usr/lib/jvm/java-8-openjdk-amd64/jre/bin/java
564f636bd000-564f636be000 r--p 00000000 08:01 3017724                    /usr/lib/jvm/java-8-openjdk-amd64/jre/bin/java
564f636be000-564f636bf000 rw-p 00001000 08:01 3017724                    /usr/lib/jvm/java-8-openjdk-amd64/jre/bin/java
564f649f2000-564f64a13000 rw-p 00000000 00:00 0                          [heap]
7f0858000000-7f0858270000 rwxp 00000000 00:00 0 
7f0858270000-7f0860000000 ---p 00000000 00:00 0 
7f0860000000-7f0860033000 rw-p 00000000 00:00 0 
7f0860033000-7f0864000000 ---p 00000000 00:00 0 
7f086567c000-7f08657d1000 ---p 00000000 00:00 0 
7f08657d1000-7f0865887000 rw-p 00000000 00:00 0 
7f0865887000-7f0865a7d000 ---p 00000000 00:00 0 
7f0865a7d000-7f0865a85000 r-xp 00000000 08:01 3017770                    /usr/lib/jvm/java-8-openjdk-amd64/jre/lib/amd64/libzip.so
7f0865a85000-7f0865c84000 ---p 00008000 08:01 3017770                    /usr/lib/jvm/java-8-openjdk-amd64/jre/lib/amd64/libzip.so
7f0865c84000-7f0865c85000 r--p 00007000 08:01 3017770                    /usr/lib/jvm/java-8-openjdk-amd64/jre/lib/amd64/libzip.so
7f0865c85000-7f0865c86000 rw-p 00008000 08:01 3017770                    /usr/lib/jvm/java-8-openjdk-amd64/jre/lib/amd64/libzip.so
7f0865c86000-7f0865c91000 r-xp 00000000 08:01 2621502                    /lib/x86_64-linux-gnu/libnss_files-2.27.so
7f0865c91000-7f0865e90000 ---p 0000b000 08:01 2621502                    /lib/x86_64-linux-gnu/libnss_files-2.27.so
7f0865e90000-7f0865e91000 r--p 0000a000 08:01 2621502                    /lib/x86_64-linux-gnu/libnss_files-2.27.so
7f0865e91000-7f0865e92000 rw-p 0000b000 08:01 2621502                    /lib/x86_64-linux-gnu/libnss_files-2.27.so
7f0865e92000-7f0865e98000 rw-p 00000000 00:00 0 
7f0865e98000-7f0865eaf000 r-xp 00000000 08:01 2621499                    /lib/x86_64-linux-gnu/libnsl-2.27.so
7f0865eaf000-7f08660ae000 ---p 00017000 08:01 2621499                    /lib/x86_64-linux-gnu/libnsl-2.27.so
7f08660ae000-7f08660af000 r--p 00016000 08:01 2621499                    /lib/x86_64-linux-gnu/libnsl-2.27.so
7f08660af000-7f08660b0000 rw-p 00017000 08:01 2621499                    /lib/x86_64-linux-gnu/libnsl-2.27.so
7f08660b0000-7f08660b2000 rw-p 00000000 00:00 0 
7f08660b2000-7f08660bd000 r-xp 00000000 08:01 2621504                    /lib/x86_64-linux-gnu/libnss_nis-2.27.so
7f08660bd000-7f08662bc000 ---p 0000b000 08:01 2621504                    /lib/x86_64-linux-gnu/libnss_nis-2.27.so
7f08662bc000-7f08662bd000 r--p 0000a000 08:01 2621504                    /lib/x86_64-linux-gnu/libnss_nis-2.27.so
7f08662bd000-7f08662be000 rw-p 0000b000 08:01 2621504                    /lib/x86_64-linux-gnu/libnss_nis-2.27.so
7f08662be000-7f08662c6000 r-xp 00000000 08:01 2621500                    /lib/x86_64-linux-gnu/libnss_compat-2.27.so
7f08662c6000-7f08664c6000 ---p 00008000 08:01 2621500                    /lib/x86_64-linux-gnu/libnss_compat-2.27.so
7f08664c6000-7f08664c7000 r--p 00008000 08:01 2621500                    /lib/x86_64-linux-gnu/libnss_compat-2.27.so
7f08664c7000-7f08664c8000 rw-p 00009000 08:01 2621500                    /lib/x86_64-linux-gnu/libnss_compat-2.27.so
7f08664c8000-7f08664f6000 r-xp 00000000 08:01 3017751                    /usr/lib/jvm/java-8-openjdk-amd64/jre/lib/amd64/libjava.so
7f08664f6000-7f08666f5000 ---p 0002e000 08:01 3017751                    /usr/lib/jvm/java-8-openjdk-amd64/jre/lib/amd64/libjava.so
7f08666f5000-7f08666f6000 r--p 0002d000 08:01 3017751                    /usr/lib/jvm/java-8-openjdk-amd64/jre/lib/amd64/libjava.so
7f08666f6000-7f08666f8000 rw-p 0002e000 08:01 3017751                    /usr/lib/jvm/java-8-openjdk-amd64/jre/lib/amd64/libjava.so
7f08666f8000-7f0866708000 r-xp 00000000 08:01 3017769                    /usr/lib/jvm/java-8-openjdk-amd64/jre/lib/amd64/libverify.so
7f0866708000-7f0866907000 ---p 00010000 08:01 3017769                    /usr/lib/jvm/java-8-openjdk-amd64/jre/lib/amd64/libverify.so
7f0866907000-7f0866909000 r--p 0000f000 08:01 3017769                    /usr/lib/jvm/java-8-openjdk-amd64/jre/lib/amd64/libverify.so
7f0866909000-7f086690a000 rw-p 00011000 08:01 3017769                    /usr/lib/jvm/java-8-openjdk-amd64/jre/lib/amd64/libverify.so
7f086690a000-7f0866911000 r-xp 00000000 08:01 2621510                    /lib/x86_64-linux-gnu/librt-2.27.so
7f0866911000-7f0866b10000 ---p 00007000 08:01 2621510                    /lib/x86_64-linux-gnu/librt-2.27.so
7f0866b10000-7f0866b11000 r--p 00006000 08:01 2621510                    /lib/x86_64-linux-gnu/librt-2.27.so
7f0866b11000-7f0866b12000 rw-p 00007000 08:01 2621510                    /lib/x86_64-linux-gnu/librt-2.27.so
7f0866b12000-7f0866b29000 r-xp 00000000 08:01 2621690                    /lib/x86_64-linux-gnu/libgcc_s.so.1
7f0866b29000-7f0866d28000 ---p 00017000 08:01 2621690                    /lib/x86_64-linux-gnu/libgcc_s.so.1
7f0866d28000-7f0866d29000 r--p 00016000 08:01 2621690                    /lib/x86_64-linux-gnu/libgcc_s.so.1
7f0866d29000-7f0866d2a000 rw-p 00017000 08:01 2621690                    /lib/x86_64-linux-gnu/libgcc_s.so.1
7f0866d2a000-7f0866ec7000 r-xp 00000000 08:01 2621496                    /lib/x86_64-linux-gnu/libm-2.27.so
7f0866ec7000-7f08670c6000 ---p 0019d000 08:01 2621496                    /lib/x86_64-linux-gnu/libm-2.27.so
7f08670c6000-7f08670c7000 r--p 0019c000 08:01 2621496                    /lib/x86_64-linux-gnu/libm-2.27.so
7f08670c7000-7f08670c8000 rw-p 0019d000 08:01 2621496                    /lib/x86_64-linux-gnu/libm-2.27.so
7f08670c8000-7f0867246000 r-xp 00000000 08:01 3015400                    /usr/lib/x86_64-linux-gnu/libstdc++.so.6.0.25
7f0867246000-7f0867446000 ---p 0017e000 08:01 3015400                    /usr/lib/x86_64-linux-gnu/libstdc++.so.6.0.25
7f0867446000-7f0867450000 r--p 0017e000 08:01 3015400                    /usr/lib/x86_64-linux-gnu/libstdc++.so.6.0.25
7f0867450000-7f0867452000 rw-p 00188000 08:01 3015400                    /usr/lib/x86_64-linux-gnu/libstdc++.so.6.0.25
7f0867452000-7f0867456000 rw-p 00000000 00:00 0 
7f0867456000-7f08680f0000 r-xp 00000000 08:01 3018089                    /usr/lib/jvm/java-8-openjdk-amd64/jre/lib/amd64/server/libjvm.so
7f08680f0000-7f08682ef000 ---p 00c9a000 08:01 3018089                    /usr/lib/jvm/java-8-openjdk-amd64/jre/lib/amd64/server/libjvm.so
7f08682ef000-7f0868383000 r--p 00c99000 08:01 3018089                    /usr/lib/jvm/java-8-openjdk-amd64/jre/lib/amd64/server/libjvm.so
7f0868383000-7f08683ac000 rw-p 00d2d000 08:01 3018089                    /usr/lib/jvm/java-8-openjdk-amd64/jre/lib/amd64/server/libjvm.so
7f08683ac000-7f08683dc000 rw-p 00000000 00:00 0 
7f08683dc000-7f08683f6000 r-xp 00000000 08:01 2621508                    /lib/x86_64-linux-gnu/libpthread-2.27.so
7f08683f6000-7f08685f5000 ---p 0001a000 08:01 2621508                    /lib/x86_64-linux-gnu/libpthread-2.27.so
7f08685f5000-7f08685f6000 r--p 00019000 08:01 2621508                    /lib/x86_64-linux-gnu/libpthread-2.27.so
7f08685f6000-7f08685f7000 rw-p 0001a000 08:01 2621508                    /lib/x86_64-linux-gnu/libpthread-2.27.so
7f08685f7000-7f08685fb000 rw-p 00000000 00:00 0 
7f08685fb000-7f08685fe000 r-xp 00000000 08:01 2621495                    /lib/x86_64-linux-gnu/libdl-2.27.so
7f08685fe000-7f08687fd000 ---p 00003000 08:01 2621495                    /lib/x86_64-linux-gnu/libdl-2.27.so
7f08687fd000-7f08687fe000 r--p 00002000 08:01 2621495                    /lib/x86_64-linux-gnu/libdl-2.27.so
7f08687fe000-7f08687ff000 rw-p 00003000 08:01 2621495                    /lib/x86_64-linux-gnu/libdl-2.27.so
7f08687ff000-7f086881b000 r-xp 00000000 08:01 2628928                    /lib/x86_64-linux-gnu/libz.so.1.2.11
7f086881b000-7f0868a1a000 ---p 0001c000 08:01 2628928                    /lib/x86_64-linux-gnu/libz.so.1.2.11
7f0868a1a000-7f0868a1b000 r--p 0001b000 08:01 2628928                    /lib/x86_64-linux-gnu/libz.so.1.2.11
7f0868a1b000-7f0868a1c000 rw-p 0001c000 08:01 2628928                    /lib/x86_64-linux-gnu/libz.so.1.2.11
7f0868a1c000-7f0868c03000 r-xp 00000000 08:01 2621488                    /lib/x86_64-linux-gnu/libc-2.27.so
7f0868c03000-7f0868e03000 ---p 001e7000 08:01 2621488                    /lib/x86_64-linux-gnu/libc-2.27.so
7f0868e03000-7f0868e07000 r--p 001e7000 08:01 2621488                    /lib/x86_64-linux-gnu/libc-2.27.so
7f0868e07000-7f0868e09000 rw-p 001eb000 08:01 2621488                    /lib/x86_64-linux-gnu/libc-2.27.so
7f0868e09000-7f0868e0d000 rw-p 00000000 00:00 0 
7f0868e0d000-7f0868e1b000 r-xp 00000000 08:01 3017736                    /usr/lib/jvm/java-8-openjdk-amd64/jre/lib/amd64/jli/libjli.so
7f0868e1b000-7f086901a000 ---p 0000e000 08:01 3017736                    /usr/lib/jvm/java-8-openjdk-amd64/jre/lib/amd64/jli/libjli.so
7f086901a000-7f086901b000 r--p 0000d000 08:01 3017736                    /usr/lib/jvm/java-8-openjdk-amd64/jre/lib/amd64/jli/libjli.so
7f086901b000-7f086901c000 rw-p 0000e000 08:01 3017736                    /usr/lib/jvm/java-8-openjdk-amd64/jre/lib/amd64/jli/libjli.so
7f086901c000-7f0869043000 r-xp 00000000 08:01 2621464                    /lib/x86_64-linux-gnu/ld-2.27.so
7f0869128000-7f0869129000 ---p 00000000 00:00 0 
7f0869129000-7f086912c000 ---p 00000000 00:00 0 
7f086912c000-7f086922b000 rw-p 00000000 00:00 0 
7f0869237000-7f086923f000 rw-s 00000000 08:01 2490494                    /tmp/hsperfdata_wdd/22552
7f086923f000-7f0869240000 rw-p 00000000 00:00 0 
7f0869240000-7f0869241000 r--p 00000000 00:00 0 
7f0869241000-7f0869243000 rw-p 00000000 00:00 0 
7f0869243000-7f0869244000 r--p 00027000 08:01 2621464                    /lib/x86_64-linux-gnu/ld-2.27.so
7f0869244000-7f0869245000 rw-p 00028000 08:01 2621464                    /lib/x86_64-linux-gnu/ld-2.27.so
7f0869245000-7f0869246000 rw-p 00000000 00:00 0 
7ffe6c98c000-7ffe6c9ad000 rw-p 00000000 00:00 0                          [stack]
7ffe6c9be000-7ffe6c9c1000 r--p 00000000 00:00 0                          [vvar]
7ffe6c9c1000-7ffe6c9c3000 r-xp 00000000 00:00 0                          [vdso]
ffffffffff600000-ffffffffff601000 r-xp 00000000 00:00 0                  [vsyscall]

VM Arguments:
jvm_args: -Xms1024m -Xmx1024m -XX:ReservedCodeCacheSize=128m -XX:MaxMetaspaceSize=256m -Dhttp.proxyHost=127.0.0.1 -Dhttp.proxyPort=3128 -Dhttps.proxyHost=127.0.0.1 -Dhttps.proxyPort=3128 
java_command: /home/wdd/ciaranmcgarry-labwork-itm/WDD1PlayLab/sbt-dist/bin/sbt-launch.jar
java_class_path (initial): /home/wdd/ciaranmcgarry-labwork-itm/WDD1PlayLab/sbt-dist/bin/sbt-launch.jar
Launcher Type: SUN_STANDARD

Environment Variables:
PATH=/usr/local/sbin:/usr/local/bin:/usr/sbin:/usr/bin:/sbin:/bin:/usr/games:/usr/local/games:/snap/bin
SHELL=/bin/bash
DISPLAY=:0.0

Signal Handlers:
SIGSEGV: [libjvm.so+0xab2e60], sa_mask[0]=11111111011111111101111111111110, sa_flags=SA_RESTART|SA_SIGINFO
SIGBUS: [libjvm.so+0xab2e60], sa_mask[0]=11111111011111111101111111111110, sa_flags=SA_RESTART|SA_SIGINFO
SIGFPE: [libjvm.so+0x8e8860], sa_mask[0]=11111111011111111101111111111110, sa_flags=SA_RESTART|SA_SIGINFO
SIGPIPE: [libjvm.so+0x8e8860], sa_mask[0]=11111111011111111101111111111110, sa_flags=SA_RESTART|SA_SIGINFO
SIGXFSZ: [libjvm.so+0x8e8860], sa_mask[0]=11111111011111111101111111111110, sa_flags=SA_RESTART|SA_SIGINFO
SIGILL: [libjvm.so+0x8e8860], sa_mask[0]=11111111011111111101111111111110, sa_flags=SA_RESTART|SA_SIGINFO
SIGUSR1: SIG_DFL, sa_mask[0]=00000000000000000000000000000000, sa_flags=none
SIGUSR2: [libjvm.so+0x8e8710], sa_mask[0]=00000000000000000000000000000000, sa_flags=SA_RESTART|SA_SIGINFO
SIGHUP: SIG_DFL, sa_mask[0]=00000000000000000000000000000000, sa_flags=none
SIGINT: SIG_DFL, sa_mask[0]=00000000000000000000000000000000, sa_flags=none
SIGTERM: SIG_DFL, sa_mask[0]=00000000000000000000000000000000, sa_flags=none
SIGQUIT: SIG_DFL, sa_mask[0]=00000000000000000000000000000000, sa_flags=none


---------------  S Y S T E M  ---------------

OS:DISTRIB_ID=Ubuntu
DISTRIB_RELEASE=18.04
DISTRIB_CODENAME=bionic
DISTRIB_DESCRIPTION="Ubuntu 18.04.1 LTS"

uname:Linux 4.15.0-33-generic #36-Ubuntu SMP Wed Aug 15 16:00:05 UTC 2018 x86_64
libc:glibc 2.27 NPTL 2.27 
rlimit: STACK 8192k, CORE 0k, NPROC 15541, NOFILE 1048576, AS infinity
load average:0.75 1.46 2.16

/proc/meminfo:
MemTotal:        4039544 kB
MemFree:          114476 kB
MemAvailable:     150568 kB
Buffers:           14760 kB
Cached:           239296 kB
SwapCached:        37480 kB
Active:          3074664 kB
Inactive:         680400 kB
Active(anon):    2944828 kB
Inactive(anon):   588944 kB
Active(file):     129836 kB
Inactive(file):    91456 kB
Unevictable:          32 kB
Mlocked:              32 kB
SwapTotal:       2097208 kB
SwapFree:         372280 kB
Dirty:              4376 kB
Writeback:             0 kB
AnonPages:       3474876 kB
Mapped:           192144 kB
Shmem:             43692 kB
Slab:              68660 kB
SReclaimable:      35748 kB
SUnreclaim:        32912 kB
KernelStack:       10680 kB
PageTables:        46588 kB
NFS_Unstable:          0 kB
Bounce:                0 kB
WritebackTmp:          0 kB
CommitLimit:     4116980 kB
Committed_AS:   12046192 kB
VmallocTotal:   34359738367 kB
VmallocUsed:           0 kB
VmallocChunk:          0 kB
HardwareCorrupted:     0 kB
AnonHugePages:         0 kB
ShmemHugePages:        0 kB
ShmemPmdMapped:        0 kB
CmaTotal:              0 kB
CmaFree:               0 kB
HugePages_Total:       0
HugePages_Free:        0
HugePages_Rsvd:        0
HugePages_Surp:        0
Hugepagesize:       2048 kB
DirectMap4k:      151488 kB
DirectMap2M:     4042752 kB

container (cgroup) information:
container_type: cgroupv1
cpu_cpuset_cpus: 0-1
cpu_memory_nodes: 0
active_processor_count: 2
cpu_quota: -1
cpu_period: 100000
cpu_shares: -1
memory_limit_in_bytes: -1
memory_and_swap_limit_in_bytes: -2
memory_soft_limit_in_bytes: -1
memory_usage_in_bytes: 3841413120
memory_max_usage_in_bytes: 40132608


CPU:total 2 (initial active 2) (2 cores per cpu, 1 threads per core) family 6 model 58 stepping 9, cmov, cx8, fxsr, mmx, sse, sse2, sse3, ssse3, sse4.1, sse4.2, popcnt, avx, aes, clmul, tsc, tscinvbit, tscinv

/proc/cpuinfo:
processor	: 0
vendor_id	: GenuineIntel
cpu family	: 6
model		: 58
model name	: Intel(R) Core(TM) i5-3470 CPU @ 3.20GHz
stepping	: 9
microcode	: 0x19
cpu MHz		: 3192.754
cache size	: 6144 KB
physical id	: 0
siblings	: 2
core id		: 0
cpu cores	: 2
apicid		: 0
initial apicid	: 0
fpu		: yes
fpu_exception	: yes
cpuid level	: 13
wp		: yes
flags		: fpu vme de pse tsc msr pae mce cx8 apic sep mtrr pge mca cmov pat pse36 clflush mmx fxsr sse sse2 ht syscall nx rdtscp lm constant_tsc rep_good nopl xtopology nonstop_tsc cpuid pni pclmulqdq ssse3 cx16 pcid sse4_1 sse4_2 x2apic popcnt aes xsave avx rdrand hypervisor lahf_lm pti fsgsbase
bugs		: cpu_meltdown spectre_v1 spectre_v2 spec_store_bypass l1tf
bogomips	: 6385.50
clflush size	: 64
cache_alignment	: 64
address sizes	: 36 bits physical, 48 bits virtual
power management:

processor	: 1
vendor_id	: GenuineIntel
cpu family	: 6
model		: 58
model name	: Intel(R) Core(TM) i5-3470 CPU @ 3.20GHz
stepping	: 9
microcode	: 0x19
cpu MHz		: 3192.754
cache size	: 6144 KB
physical id	: 0
siblings	: 2
core id		: 1
cpu cores	: 2
apicid		: 1
initial apicid	: 1
fpu		: yes
fpu_exception	: yes
cpuid level	: 13
wp		: yes
flags		: fpu vme de pse tsc msr pae mce cx8 apic sep mtrr pge mca cmov pat pse36 clflush mmx fxsr sse sse2 ht syscall nx rdtscp lm constant_tsc rep_good nopl xtopology nonstop_tsc cpuid pni pclmulqdq ssse3 cx16 pcid sse4_1 sse4_2 x2apic popcnt aes xsave avx rdrand hypervisor lahf_lm pti fsgsbase
bugs		: cpu_meltdown spectre_v1 spectre_v2 spec_store_bypass l1tf
bogomips	: 6385.50
clflush size	: 64
cache_alignment	: 64
address sizes	: 36 bits physical, 48 bits virtual
power management:



Memory: 4k page, physical 4039544k(114352k free), swap 2097208k(372280k free)

vm_info: OpenJDK 64-Bit Server VM (25.191-b12) for linux-amd64 JRE (1.8.0_191-8u191-b12-0ubuntu0.18.04.1-b12), built on Nov 20 2018 01:07:58 by "buildd" with gcc 7.3.0

time: Thu Nov 29 09:58:42 2018
elapsed time: 0 seconds (0d 0h 0m 0s)

