#
# There is insufficient memory for the Java Runtime Environment to continue.
# Native memory allocation (mmap) failed to map 716177408 bytes for committing reserved memory.
# Possible reasons:
#   The system is out of physical RAM or swap space
#   In 32 bit mode, the process size limit was hit
# Possible solutions:
#   Reduce memory load on the system
#   Increase physical memory or swap space
#   Check if swap backing store is full
#   Use 64 bit Java on a 64 bit OS
#   Decrease Java heap size (-Xmx/-Xms)
#   Decrease number of Java threads
#   Decrease Java thread stack sizes (-Xss)
#   Set larger code cache with -XX:ReservedCodeCacheSize=
# This output file may be truncated or incomplete.
#
#  Out of Memory Error (os_linux.cpp:2746), pid=22669, tid=0x00007fb1b3459700
#
# JRE version:  (8.0_191-b12) (build )
# Java VM: OpenJDK 64-Bit Server VM (25.191-b12 mixed mode linux-amd64 compressed oops)
# Failed to write core dump. Core dumps have been disabled. To enable core dumping, try "ulimit -c unlimited" before starting Java again
#

---------------  T H R E A D  ---------------

Current thread (0x00007fb1ac00b800):  JavaThread "Unknown thread" [_thread_in_vm, id=22670, stack(0x00007fb1b335a000,0x00007fb1b345a000)]

Stack: [0x00007fb1b335a000,0x00007fb1b345a000],  sp=0x00007fb1b3458590,  free space=1017k
Native frames: (J=compiled Java code, j=interpreted, Vv=VM code, C=native code)
V  [libjvm.so+0xab2512]
V  [libjvm.so+0x4d9e97]
V  [libjvm.so+0x8ed690]
V  [libjvm.so+0x8e47be]
V  [libjvm.so+0x968516]
V  [libjvm.so+0x95884c]
V  [libjvm.so+0x2b402e]
V  [libjvm.so+0x9154a1]
V  [libjvm.so+0xa74b0a]
V  [libjvm.so+0xa74df5]
V  [libjvm.so+0x626d5f]
V  [libjvm.so+0xa5854b]
V  [libjvm.so+0x6a92b1]  JNI_CreateJavaVM+0x61
C  [libjli.so+0x2ce3]
C  [libjli.so+0x77ad]
C  [libpthread.so.0+0x76db]  start_thread+0xdb


---------------  P R O C E S S  ---------------

Java Threads: ( => current thread )

Other Threads:

=>0x00007fb1ac00b800 (exited) JavaThread "Unknown thread" [_thread_in_vm, id=22670, stack(0x00007fb1b335a000,0x00007fb1b345a000)]

VM state:not at safepoint (not fully initialized)

VM Mutex/Monitor currently owned by a thread: None

GC Heap History (0 events):
No events

Deoptimization events (0 events):
No events

Classes redefined (0 events):
No events

Internal exceptions (0 events):
No events

Events (0 events):
No events


Dynamic libraries:
eab00000-100000000 rw-p 00000000 00:00 0 
5620ba6c1000-5620ba6c2000 r-xp 00000000 08:01 3017724                    /usr/lib/jvm/java-8-openjdk-amd64/jre/bin/java
5620ba8c1000-5620ba8c2000 r--p 00000000 08:01 3017724                    /usr/lib/jvm/java-8-openjdk-amd64/jre/bin/java
5620ba8c2000-5620ba8c3000 rw-p 00001000 08:01 3017724                    /usr/lib/jvm/java-8-openjdk-amd64/jre/bin/java
5620ba9f8000-5620baa19000 rw-p 00000000 00:00 0                          [heap]
7fb1a37e4000-7fb1a3939000 ---p 00000000 00:00 0 
7fb1a3939000-7fb1a39ef000 rw-p 00000000 00:00 0 
7fb1a39ef000-7fb1a3be5000 ---p 00000000 00:00 0 
7fb1a3be5000-7fb1a3e55000 rwxp 00000000 00:00 0 
7fb1a3e55000-7fb1abbe5000 ---p 00000000 00:00 0 
7fb1abbe5000-7fb1abbed000 r-xp 00000000 08:01 3017770                    /usr/lib/jvm/java-8-openjdk-amd64/jre/lib/amd64/libzip.so
7fb1abbed000-7fb1abdec000 ---p 00008000 08:01 3017770                    /usr/lib/jvm/java-8-openjdk-amd64/jre/lib/amd64/libzip.so
7fb1abdec000-7fb1abded000 r--p 00007000 08:01 3017770                    /usr/lib/jvm/java-8-openjdk-amd64/jre/lib/amd64/libzip.so
7fb1abded000-7fb1abdee000 rw-p 00008000 08:01 3017770                    /usr/lib/jvm/java-8-openjdk-amd64/jre/lib/amd64/libzip.so
7fb1abdee000-7fb1abdf9000 r-xp 00000000 08:01 2621502                    /lib/x86_64-linux-gnu/libnss_files-2.27.so
7fb1abdf9000-7fb1abff8000 ---p 0000b000 08:01 2621502                    /lib/x86_64-linux-gnu/libnss_files-2.27.so
7fb1abff8000-7fb1abff9000 r--p 0000a000 08:01 2621502                    /lib/x86_64-linux-gnu/libnss_files-2.27.so
7fb1abff9000-7fb1abffa000 rw-p 0000b000 08:01 2621502                    /lib/x86_64-linux-gnu/libnss_files-2.27.so
7fb1abffa000-7fb1ac000000 rw-p 00000000 00:00 0 
7fb1ac000000-7fb1ac033000 rw-p 00000000 00:00 0 
7fb1ac033000-7fb1b0000000 ---p 00000000 00:00 0 
7fb1b00c9000-7fb1b00e0000 r-xp 00000000 08:01 2621499                    /lib/x86_64-linux-gnu/libnsl-2.27.so
7fb1b00e0000-7fb1b02df000 ---p 00017000 08:01 2621499                    /lib/x86_64-linux-gnu/libnsl-2.27.so
7fb1b02df000-7fb1b02e0000 r--p 00016000 08:01 2621499                    /lib/x86_64-linux-gnu/libnsl-2.27.so
7fb1b02e0000-7fb1b02e1000 rw-p 00017000 08:01 2621499                    /lib/x86_64-linux-gnu/libnsl-2.27.so
7fb1b02e1000-7fb1b02e3000 rw-p 00000000 00:00 0 
7fb1b02e3000-7fb1b02ee000 r-xp 00000000 08:01 2621504                    /lib/x86_64-linux-gnu/libnss_nis-2.27.so
7fb1b02ee000-7fb1b04ed000 ---p 0000b000 08:01 2621504                    /lib/x86_64-linux-gnu/libnss_nis-2.27.so
7fb1b04ed000-7fb1b04ee000 r--p 0000a000 08:01 2621504                    /lib/x86_64-linux-gnu/libnss_nis-2.27.so
7fb1b04ee000-7fb1b04ef000 rw-p 0000b000 08:01 2621504                    /lib/x86_64-linux-gnu/libnss_nis-2.27.so
7fb1b04ef000-7fb1b04f7000 r-xp 00000000 08:01 2621500                    /lib/x86_64-linux-gnu/libnss_compat-2.27.so
7fb1b04f7000-7fb1b06f7000 ---p 00008000 08:01 2621500                    /lib/x86_64-linux-gnu/libnss_compat-2.27.so
7fb1b06f7000-7fb1b06f8000 r--p 00008000 08:01 2621500                    /lib/x86_64-linux-gnu/libnss_compat-2.27.so
7fb1b06f8000-7fb1b06f9000 rw-p 00009000 08:01 2621500                    /lib/x86_64-linux-gnu/libnss_compat-2.27.so
7fb1b06f9000-7fb1b0727000 r-xp 00000000 08:01 3017751                    /usr/lib/jvm/java-8-openjdk-amd64/jre/lib/amd64/libjava.so
7fb1b0727000-7fb1b0926000 ---p 0002e000 08:01 3017751                    /usr/lib/jvm/java-8-openjdk-amd64/jre/lib/amd64/libjava.so
7fb1b0926000-7fb1b0927000 r--p 0002d000 08:01 3017751                    /usr/lib/jvm/java-8-openjdk-amd64/jre/lib/amd64/libjava.so
7fb1b0927000-7fb1b0929000 rw-p 0002e000 08:01 3017751                    /usr/lib/jvm/java-8-openjdk-amd64/jre/lib/amd64/libjava.so
7fb1b0929000-7fb1b0939000 r-xp 00000000 08:01 3017769                    /usr/lib/jvm/java-8-openjdk-amd64/jre/lib/amd64/libverify.so
7fb1b0939000-7fb1b0b38000 ---p 00010000 08:01 3017769                    /usr/lib/jvm/java-8-openjdk-amd64/jre/lib/amd64/libverify.so
7fb1b0b38000-7fb1b0b3a000 r--p 0000f000 08:01 3017769                    /usr/lib/jvm/java-8-openjdk-amd64/jre/lib/amd64/libverify.so
7fb1b0b3a000-7fb1b0b3b000 rw-p 00011000 08:01 3017769                    /usr/lib/jvm/java-8-openjdk-amd64/jre/lib/amd64/libverify.so
7fb1b0b3b000-7fb1b0b42000 r-xp 00000000 08:01 2621510                    /lib/x86_64-linux-gnu/librt-2.27.so
7fb1b0b42000-7fb1b0d41000 ---p 00007000 08:01 2621510                    /lib/x86_64-linux-gnu/librt-2.27.so
7fb1b0d41000-7fb1b0d42000 r--p 00006000 08:01 2621510                    /lib/x86_64-linux-gnu/librt-2.27.so
7fb1b0d42000-7fb1b0d43000 rw-p 00007000 08:01 2621510                    /lib/x86_64-linux-gnu/librt-2.27.so
7fb1b0d43000-7fb1b0d5a000 r-xp 00000000 08:01 2621690                    /lib/x86_64-linux-gnu/libgcc_s.so.1
7fb1b0d5a000-7fb1b0f59000 ---p 00017000 08:01 2621690                    /lib/x86_64-linux-gnu/libgcc_s.so.1
7fb1b0f59000-7fb1b0f5a000 r--p 00016000 08:01 2621690                    /lib/x86_64-linux-gnu/libgcc_s.so.1
7fb1b0f5a000-7fb1b0f5b000 rw-p 00017000 08:01 2621690                    /lib/x86_64-linux-gnu/libgcc_s.so.1
7fb1b0f5b000-7fb1b10f8000 r-xp 00000000 08:01 2621496                    /lib/x86_64-linux-gnu/libm-2.27.so
7fb1b10f8000-7fb1b12f7000 ---p 0019d000 08:01 2621496                    /lib/x86_64-linux-gnu/libm-2.27.so
7fb1b12f7000-7fb1b12f8000 r--p 0019c000 08:01 2621496                    /lib/x86_64-linux-gnu/libm-2.27.so
7fb1b12f8000-7fb1b12f9000 rw-p 0019d000 08:01 2621496                    /lib/x86_64-linux-gnu/libm-2.27.so
7fb1b12f9000-7fb1b1477000 r-xp 00000000 08:01 3015400                    /usr/lib/x86_64-linux-gnu/libstdc++.so.6.0.25
7fb1b1477000-7fb1b1677000 ---p 0017e000 08:01 3015400                    /usr/lib/x86_64-linux-gnu/libstdc++.so.6.0.25
7fb1b1677000-7fb1b1681000 r--p 0017e000 08:01 3015400                    /usr/lib/x86_64-linux-gnu/libstdc++.so.6.0.25
7fb1b1681000-7fb1b1683000 rw-p 00188000 08:01 3015400                    /usr/lib/x86_64-linux-gnu/libstdc++.so.6.0.25
7fb1b1683000-7fb1b1687000 rw-p 00000000 00:00 0 
7fb1b1687000-7fb1b2321000 r-xp 00000000 08:01 3018089                    /usr/lib/jvm/java-8-openjdk-amd64/jre/lib/amd64/server/libjvm.so
7fb1b2321000-7fb1b2520000 ---p 00c9a000 08:01 3018089                    /usr/lib/jvm/java-8-openjdk-amd64/jre/lib/amd64/server/libjvm.so
7fb1b2520000-7fb1b25b4000 r--p 00c99000 08:01 3018089                    /usr/lib/jvm/java-8-openjdk-amd64/jre/lib/amd64/server/libjvm.so
7fb1b25b4000-7fb1b25dd000 rw-p 00d2d000 08:01 3018089                    /usr/lib/jvm/java-8-openjdk-amd64/jre/lib/amd64/server/libjvm.so
7fb1b25dd000-7fb1b260d000 rw-p 00000000 00:00 0 
7fb1b260d000-7fb1b2627000 r-xp 00000000 08:01 2621508                    /lib/x86_64-linux-gnu/libpthread-2.27.so
7fb1b2627000-7fb1b2826000 ---p 0001a000 08:01 2621508                    /lib/x86_64-linux-gnu/libpthread-2.27.so
7fb1b2826000-7fb1b2827000 r--p 00019000 08:01 2621508                    /lib/x86_64-linux-gnu/libpthread-2.27.so
7fb1b2827000-7fb1b2828000 rw-p 0001a000 08:01 2621508                    /lib/x86_64-linux-gnu/libpthread-2.27.so
7fb1b2828000-7fb1b282c000 rw-p 00000000 00:00 0 
7fb1b282c000-7fb1b282f000 r-xp 00000000 08:01 2621495                    /lib/x86_64-linux-gnu/libdl-2.27.so
7fb1b282f000-7fb1b2a2e000 ---p 00003000 08:01 2621495                    /lib/x86_64-linux-gnu/libdl-2.27.so
7fb1b2a2e000-7fb1b2a2f000 r--p 00002000 08:01 2621495                    /lib/x86_64-linux-gnu/libdl-2.27.so
7fb1b2a2f000-7fb1b2a30000 rw-p 00003000 08:01 2621495                    /lib/x86_64-linux-gnu/libdl-2.27.so
7fb1b2a30000-7fb1b2a4c000 r-xp 00000000 08:01 2628928                    /lib/x86_64-linux-gnu/libz.so.1.2.11
7fb1b2a4c000-7fb1b2c4b000 ---p 0001c000 08:01 2628928                    /lib/x86_64-linux-gnu/libz.so.1.2.11
7fb1b2c4b000-7fb1b2c4c000 r--p 0001b000 08:01 2628928                    /lib/x86_64-linux-gnu/libz.so.1.2.11
7fb1b2c4c000-7fb1b2c4d000 rw-p 0001c000 08:01 2628928                    /lib/x86_64-linux-gnu/libz.so.1.2.11
7fb1b2c4d000-7fb1b2e34000 r-xp 00000000 08:01 2621488                    /lib/x86_64-linux-gnu/libc-2.27.so
7fb1b2e34000-7fb1b3034000 ---p 001e7000 08:01 2621488                    /lib/x86_64-linux-gnu/libc-2.27.so
7fb1b3034000-7fb1b3038000 r--p 001e7000 08:01 2621488                    /lib/x86_64-linux-gnu/libc-2.27.so
7fb1b3038000-7fb1b303a000 rw-p 001eb000 08:01 2621488                    /lib/x86_64-linux-gnu/libc-2.27.so
7fb1b303a000-7fb1b303e000 rw-p 00000000 00:00 0 
7fb1b303e000-7fb1b304c000 r-xp 00000000 08:01 3017736                    /usr/lib/jvm/java-8-openjdk-amd64/jre/lib/amd64/jli/libjli.so
7fb1b304c000-7fb1b324b000 ---p 0000e000 08:01 3017736                    /usr/lib/jvm/java-8-openjdk-amd64/jre/lib/amd64/jli/libjli.so
7fb1b324b000-7fb1b324c000 r--p 0000d000 08:01 3017736                    /usr/lib/jvm/java-8-openjdk-amd64/jre/lib/amd64/jli/libjli.so
7fb1b324c000-7fb1b324d000 rw-p 0000e000 08:01 3017736                    /usr/lib/jvm/java-8-openjdk-amd64/jre/lib/amd64/jli/libjli.so
7fb1b324d000-7fb1b3274000 r-xp 00000000 08:01 2621464                    /lib/x86_64-linux-gnu/ld-2.27.so
7fb1b3359000-7fb1b335a000 ---p 00000000 00:00 0 
7fb1b335a000-7fb1b335d000 ---p 00000000 00:00 0 
7fb1b335d000-7fb1b345c000 rw-p 00000000 00:00 0 
7fb1b3468000-7fb1b3470000 rw-s 00000000 08:01 2490494                    /tmp/hsperfdata_wdd/22669
7fb1b3470000-7fb1b3471000 rw-p 00000000 00:00 0 
7fb1b3471000-7fb1b3472000 r--p 00000000 00:00 0 
7fb1b3472000-7fb1b3474000 rw-p 00000000 00:00 0 
7fb1b3474000-7fb1b3475000 r--p 00027000 08:01 2621464                    /lib/x86_64-linux-gnu/ld-2.27.so
7fb1b3475000-7fb1b3476000 rw-p 00028000 08:01 2621464                    /lib/x86_64-linux-gnu/ld-2.27.so
7fb1b3476000-7fb1b3477000 rw-p 00000000 00:00 0 
7ffee66ce000-7ffee66ef000 rw-p 00000000 00:00 0                          [stack]
7ffee67db000-7ffee67de000 r--p 00000000 00:00 0                          [vvar]
7ffee67de000-7ffee67e0000 r-xp 00000000 00:00 0                          [vdso]
ffffffffff600000-ffffffffff601000 r-xp 00000000 00:00 0                  [vsyscall]

VM Arguments:
jvm_args: -Xms1024m -Xmx1024m -XX:ReservedCodeCacheSize=128m -XX:MaxMetaspaceSize=256m -Dhttp.proxyHost=127.0.0.1 -Dhttp.proxyPort=3128 -Dhttps.proxyHost=127.0.0.1 -Dhttps.proxyPort=3128 
java_command: /home/wdd/ciaranmcgarry-labwork-itm/WDD1PlayLab/sbt-dist/bin/sbt-launch.jar
java_class_path (initial): /home/wdd/ciaranmcgarry-labwork-itm/WDD1PlayLab/sbt-dist/bin/sbt-launch.jar
Launcher Type: SUN_STANDARD

Environment Variables:
PATH=/usr/local/sbin:/usr/local/bin:/usr/sbin:/usr/bin:/sbin:/bin:/usr/games:/usr/local/games:/snap/bin
SHELL=/bin/bash
DISPLAY=:0.0

Signal Handlers:
SIGSEGV: [libjvm.so+0xab2e60], sa_mask[0]=11111111011111111101111111111110, sa_flags=SA_RESTART|SA_SIGINFO
SIGBUS: [libjvm.so+0xab2e60], sa_mask[0]=11111111011111111101111111111110, sa_flags=SA_RESTART|SA_SIGINFO
SIGFPE: [libjvm.so+0x8e8860], sa_mask[0]=11111111011111111101111111111110, sa_flags=SA_RESTART|SA_SIGINFO
SIGPIPE: [libjvm.so+0x8e8860], sa_mask[0]=11111111011111111101111111111110, sa_flags=SA_RESTART|SA_SIGINFO
SIGXFSZ: [libjvm.so+0x8e8860], sa_mask[0]=11111111011111111101111111111110, sa_flags=SA_RESTART|SA_SIGINFO
SIGILL: [libjvm.so+0x8e8860], sa_mask[0]=11111111011111111101111111111110, sa_flags=SA_RESTART|SA_SIGINFO
SIGUSR1: SIG_DFL, sa_mask[0]=00000000000000000000000000000000, sa_flags=none
SIGUSR2: [libjvm.so+0x8e8710], sa_mask[0]=00000000000000000000000000000000, sa_flags=SA_RESTART|SA_SIGINFO
SIGHUP: SIG_DFL, sa_mask[0]=00000000000000000000000000000000, sa_flags=none
SIGINT: SIG_DFL, sa_mask[0]=00000000000000000000000000000000, sa_flags=none
SIGTERM: SIG_DFL, sa_mask[0]=00000000000000000000000000000000, sa_flags=none
SIGQUIT: SIG_DFL, sa_mask[0]=00000000000000000000000000000000, sa_flags=none


---------------  S Y S T E M  ---------------

OS:DISTRIB_ID=Ubuntu
DISTRIB_RELEASE=18.04
DISTRIB_CODENAME=bionic
DISTRIB_DESCRIPTION="Ubuntu 18.04.1 LTS"

uname:Linux 4.15.0-33-generic #36-Ubuntu SMP Wed Aug 15 16:00:05 UTC 2018 x86_64
libc:glibc 2.27 NPTL 2.27 
rlimit: STACK 8192k, CORE 0k, NPROC 15541, NOFILE 1048576, AS infinity
load average:0.71 1.39 2.12

/proc/meminfo:
MemTotal:        4039544 kB
MemFree:          110880 kB
MemAvailable:     150040 kB
Buffers:           15064 kB
Cached:           240352 kB
SwapCached:        37756 kB
Active:          3079940 kB
Inactive:         678492 kB
Active(anon):    2944696 kB
Inactive(anon):   589376 kB
Active(file):     135244 kB
Inactive(file):    89116 kB
Unevictable:          32 kB
Mlocked:              32 kB
SwapTotal:       2097208 kB
SwapFree:         374072 kB
Dirty:               160 kB
Writeback:             0 kB
AnonPages:       3476508 kB
Mapped:           193292 kB
Shmem:             43692 kB
Slab:              68664 kB
SReclaimable:      35748 kB
SUnreclaim:        32916 kB
KernelStack:       10648 kB
PageTables:        46496 kB
NFS_Unstable:          0 kB
Bounce:                0 kB
WritebackTmp:          0 kB
CommitLimit:     4116980 kB
Committed_AS:   12045632 kB
VmallocTotal:   34359738367 kB
VmallocUsed:           0 kB
VmallocChunk:          0 kB
HardwareCorrupted:     0 kB
AnonHugePages:         0 kB
ShmemHugePages:        0 kB
ShmemPmdMapped:        0 kB
CmaTotal:              0 kB
CmaFree:               0 kB
HugePages_Total:       0
HugePages_Free:        0
HugePages_Rsvd:        0
HugePages_Surp:        0
Hugepagesize:       2048 kB
DirectMap4k:      151488 kB
DirectMap2M:     4042752 kB

container (cgroup) information:
container_type: cgroupv1
cpu_cpuset_cpus: 0-1
cpu_memory_nodes: 0
active_processor_count: 2
cpu_quota: -1
cpu_period: 100000
cpu_shares: -1
memory_limit_in_bytes: -1
memory_and_swap_limit_in_bytes: -2
memory_soft_limit_in_bytes: -1
memory_usage_in_bytes: 3844526080
memory_max_usage_in_bytes: 40132608


CPU:total 2 (initial active 2) (2 cores per cpu, 1 threads per core) family 6 model 58 stepping 9, cmov, cx8, fxsr, mmx, sse, sse2, sse3, ssse3, sse4.1, sse4.2, popcnt, avx, aes, clmul, tsc, tscinvbit, tscinv

/proc/cpuinfo:
processor	: 0
vendor_id	: GenuineIntel
cpu family	: 6
model		: 58
model name	: Intel(R) Core(TM) i5-3470 CPU @ 3.20GHz
stepping	: 9
microcode	: 0x19
cpu MHz		: 3192.754
cache size	: 6144 KB
physical id	: 0
siblings	: 2
core id		: 0
cpu cores	: 2
apicid		: 0
initial apicid	: 0
fpu		: yes
fpu_exception	: yes
cpuid level	: 13
wp		: yes
flags		: fpu vme de pse tsc msr pae mce cx8 apic sep mtrr pge mca cmov pat pse36 clflush mmx fxsr sse sse2 ht syscall nx rdtscp lm constant_tsc rep_good nopl xtopology nonstop_tsc cpuid pni pclmulqdq ssse3 cx16 pcid sse4_1 sse4_2 x2apic popcnt aes xsave avx rdrand hypervisor lahf_lm pti fsgsbase
bugs		: cpu_meltdown spectre_v1 spectre_v2 spec_store_bypass l1tf
bogomips	: 6385.50
clflush size	: 64
cache_alignment	: 64
address sizes	: 36 bits physical, 48 bits virtual
power management:

processor	: 1
vendor_id	: GenuineIntel
cpu family	: 6
model		: 58
model name	: Intel(R) Core(TM) i5-3470 CPU @ 3.20GHz
stepping	: 9
microcode	: 0x19
cpu MHz		: 3192.754
cache size	: 6144 KB
physical id	: 0
siblings	: 2
core id		: 1
cpu cores	: 2
apicid		: 1
initial apicid	: 1
fpu		: yes
fpu_exception	: yes
cpuid level	: 13
wp		: yes
flags		: fpu vme de pse tsc msr pae mce cx8 apic sep mtrr pge mca cmov pat pse36 clflush mmx fxsr sse sse2 ht syscall nx rdtscp lm constant_tsc rep_good nopl xtopology nonstop_tsc cpuid pni pclmulqdq ssse3 cx16 pcid sse4_1 sse4_2 x2apic popcnt aes xsave avx rdrand hypervisor lahf_lm pti fsgsbase
bugs		: cpu_meltdown spectre_v1 spectre_v2 spec_store_bypass l1tf
bogomips	: 6385.50
clflush size	: 64
cache_alignment	: 64
address sizes	: 36 bits physical, 48 bits virtual
power management:



Memory: 4k page, physical 4039544k(110880k free), swap 2097208k(374072k free)

vm_info: OpenJDK 64-Bit Server VM (25.191-b12) for linux-amd64 JRE (1.8.0_191-8u191-b12-0ubuntu0.18.04.1-b12), built on Nov 20 2018 01:07:58 by "buildd" with gcc 7.3.0

time: Thu Nov 29 09:59:06 2018
elapsed time: 0 seconds (0d 0h 0m 0s)

